<domain type='kvm'>
  <name>foo-test</name>
  <memory unit='KiB'>2097152</memory>
  <currentMemory unit='KiB'>2097152</currentMemory>
  <vcpu placement='static'>2</vcpu>
  <os>
    <type arch='x86_64' machine='pc-i440fx-1.4'>hvm</type>
    <boot dev='hd'/>
    <bootmenu enable='no'/>
  </os>
  <features>
    <acpi/>
    <apic/>
    <pae/>
  </features>
  <clock offset='utc'/>
  <on_poweroff>destroy</on_poweroff>
  <on_reboot>restart</on_reboot>
  <on_crash>restart</on_crash>
  <devices>
    <emulator>/usr/bin/kvm</emulator>
    <disk type='network' device='disk'>
      <driver name='qemu'/>
      <source protocol='rbd' name='libvirt-pool/foo-test1'>
        <host name='192.168.0.2' port='6789'/>
        <host name='192.168.0.35' port='6789'/>
        <host name='192.168.0.40' port='6789'/>
      </source>  
    </disk>
    <disk type='network' device='disk'>
      <driver name='qemu'/>
      <source protocol='rbd' name='libvirt-pool/foo-test2'>
        <host name='192.168.0.2' port='6789'/>
        <host name='192.168.0.35' port='6789'/>
        <host name='192.168.0.40' port='6789'/>
      </source>  
    </disk>
    <disk type='file' device='cdrom'>
      <driver name='qemu' type='raw'/>
      <source file='/media/ubuntu-13.10-server-amd64.iso'/>
      <readonly/>
    </disk>  
    <interface type='bridge'>
      <source bridge='ovsbr0'/>
      <virtualport type='virtualport_type'>
      </virtualport>
      <model type='virtio'/>
    </interface>

    <controller type='usb' index='0'>
    </controller>
    <controller type='ide' index='0'>
    </controller>
    <controller type='virtio-serial' index='0'>
    </controller>
    <serial type='pty'>
      <target port='0'/>
    </serial>
    <console type='pty'>
      <target type='serial' port='0'/>
    </console>
    <input type='mouse' bus='ps2'/>
    <graphics type='vnc' port='-1' autoport='yes'/>
    <sound model='ich6'>
    </sound>

    <video>
      <model type='cirrus' vram='9216' heads='1'/>
    </video>

    <memballoon model='virtio'>
    </memballoon>

  </devices>
</domain>

